<?xml version="1.0" encoding="UTF-8"?>
<testng-results ignored="0" total="1" passed="1" failed="0" skipped="0">
  <reporter-output>
  </reporter-output>
  <suite started-at="2023-03-25T17:23:22 IST" name="Suite" finished-at="2023-03-25T17:23:31 IST" duration-ms="9678">
    <groups>
    </groups>
    <test started-at="2023-03-25T17:23:22 IST" name="Test" finished-at="2023-03-25T17:23:31 IST" duration-ms="9678">
      <class name="com.sl.testLayer.TestClass">
        <test-method is-config="true" signature="start()[pri:0, instance:com.sl.testLayer.TestClass@4f6ee6e4]" started-at="2023-03-25T17:23:22 IST" name="start" finished-at="2023-03-25T17:23:22 IST" duration-ms="106" status="PASS">
          <reporter-output>
          </reporter-output>
        </test-method> <!-- start -->
        <test-method is-config="true" signature="setUp(java.lang.String)[pri:0, instance:com.sl.testLayer.TestClass@4f6ee6e4]" started-at="2023-03-25T17:23:22 IST" name="setUp" finished-at="2023-03-25T17:23:25 IST" duration-ms="3314" status="PASS">
          <params>
            <param index="0">
              <value>
                <![CDATA[chrome]]>
              </value>
            </param>
          </params>
          <reporter-output>
          </reporter-output>
        </test-method> <!-- setUp -->
        <test-method signature="verifyBuyfunctionality()[pri:0, instance:com.sl.testLayer.TestClass@4f6ee6e4]" started-at="2023-03-25T17:23:25 IST" name="verifyBuyfunctionality" finished-at="2023-03-25T17:23:31 IST" duration-ms="6222" status="PASS">
          <reporter-output>
          </reporter-output>
        </test-method> <!-- verifyBuyfunctionality -->
        <test-method is-config="true" signature="end()[pri:0, instance:com.sl.testLayer.TestClass@4f6ee6e4]" started-at="2023-03-25T17:23:31 IST" name="end" finished-at="2023-03-25T17:23:31 IST" duration-ms="2" status="PASS">
          <reporter-output>
          </reporter-output>
        </test-method> <!-- end -->
      </class> <!-- com.sl.testLayer.TestClass -->
    </test> <!-- Test -->
  </suite> <!-- Suite -->
</testng-results>
